0 info it worked if it ends with ok
1 verbose cli [ 'node', '/usr/local/bin/npm', 'start' ]
2 info using npm@3.5.0
3 info using node@v0.10.29
4 verbose node symlink /usr/bin/node
5 verbose run-script [ 'prestart', 'start', 'poststart' ]
6 info lifecycle d-estruct@0.0.0~prestart: d-estruct@0.0.0
7 silly lifecycle d-estruct@0.0.0~prestart: no script for prestart, continuing
8 info lifecycle d-estruct@0.0.0~start: d-estruct@0.0.0
9 verbose lifecycle d-estruct@0.0.0~start: unsafe-perm in lifecycle true
10 verbose lifecycle d-estruct@0.0.0~start: PATH: /usr/local/lib/node_modules/npm/bin/node-gyp-bin:/var/www/v2/destruct-b/node_modules/.bin:/usr/local/bin:/usr/bin:/bin:/usr/local/games:/usr/games
11 verbose lifecycle d-estruct@0.0.0~start: CWD: /var/www/v2/destruct-b
12 silly lifecycle d-estruct@0.0.0~start: Args: [ '-c', 'node ./bin/www' ]
13 silly lifecycle d-estruct@0.0.0~start: Returned: code: 8  signal: null
14 info lifecycle d-estruct@0.0.0~start: Failed to exec start script
15 verbose stack Error: d-estruct@0.0.0 start: `node ./bin/www`
15 verbose stack Exit status 8
15 verbose stack     at EventEmitter.<anonymous> (/usr/local/lib/node_modules/npm/lib/utils/lifecycle.js:232:16)
15 verbose stack     at EventEmitter.emit (events.js:98:17)
15 verbose stack     at ChildProcess.<anonymous> (/usr/local/lib/node_modules/npm/lib/utils/spawn.js:24:14)
15 verbose stack     at ChildProcess.emit (events.js:98:17)
15 verbose stack     at maybeClose (child_process.js:755:16)
15 verbose stack     at Process.ChildProcess._handle.onexit (child_process.js:822:5)
16 verbose pkgid d-estruct@0.0.0
17 verbose cwd /var/www/v2/destruct-b
18 error Linux 3.16.0-4-amd64
19 error argv "node" "/usr/local/bin/npm" "start"
20 error node v0.10.29
21 error npm  v3.5.0
22 error code ELIFECYCLE
23 error d-estruct@0.0.0 start: `node ./bin/www`
23 error Exit status 8
24 error Failed at the d-estruct@0.0.0 start script 'node ./bin/www'.
24 error Make sure you have the latest version of node.js and npm installed.
24 error If you do, this is most likely a problem with the d-estruct package,
24 error not with npm itself.
24 error Tell the author that this fails on your system:
24 error     node ./bin/www
24 error You can get their info via:
24 error     npm owner ls d-estruct
24 error There is likely additional logging output above.
25 verbose exit [ 1, true ]
